2024-03-01 16:17:03,524 INFO     [configure_runtime.py:176] <configure_runtime> {rank 0/64} 
     __  __      ____                              __  _______ 
    / / / /_  __/ / /__  _________ _____ ______   /  |/  / __ \
   / /_/ / / / / / / _ \/ ___/ __ `/ __ `/ ___/  / /|_/ / / / /
  / __  / /_/ / / /  __/ /  / /_/ / /_/ (__  )  / /  / / /_/ / 
 /_/ /_/\__, /_/_/\___/_/   \__,_/\__,_/____/  /_/  /_/_____/  
       /____/ 
                         Version 2.1.0                      

 PLEASE READ AND CITE THE REFERENCES BELOW:
 
 [1] Ledum, M.; Sen, S.; Li, X.; Carrer, M.; Feng Y.; Cascella, M.; Bore, S. L. 
 HylleraasMD: A Domain Decomposition-Based Hybrid Particle-Field Software for Multi-Scale Simulations of Soft Matter.
 J. Chem. Theory Comput. 2023.

 [2] Ledum, M.; Carrer, M.; Sen, S.; Li, X.; Cascella, M.; Bore, S. L. 
 HyMD: Massively parallel hybrid particle-field molecular dynamics in Python.
 J. Open Source Softw. 8(84), 4149, 2023.
 
 [3] Sen, S.; Ledum, M.; Bore, S. L.; Cascella, M. 
 Soft Matter under Pressure: Pushing Particle–Field Molecular Dynamics to the Isobaric Ensemble.
 J Chem Inf Model 2023, 63(7), 1549-9596.

 [4] Bore, S. L.; Cascella, M. 
 Hamiltonian and alias-free hybrid particle–field molecular dynamics.
 J. Chem. Phys. 2020, 153, 094106.

 [5] Pippig, M. PFFT: An extension of FFTW to massively parallel architectures.
 SIAM J. Sci. Comput. 2013, 35, C213–C236.


2024-03-01 16:17:03,525 INFO     [configure_runtime.py:200] <configure_runtime> {rank 0/64} Attempting to parse config file ../options.toml as .toml
2024-03-01 16:17:03,580 INFO     [configure_runtime.py:222] <configure_runtime> {rank 0/64} Successfully parsed ../options.toml as .toml file
2024-03-01 16:17:03,580 INFO     [configure_runtime.py:226] <configure_runtime> {rank 0/64} 

	Config: /cluster/projects/nn4654k/cascella_group/new_mgcm/two-bead-potential-change-sigma/h-0.08/options.toml
	--------------------------------------------------
	n_steps: 1
	time_step: 0.2
	mesh_size: [125, 125, 125]
	sigma: 0
	kappa: 1000
	dtype: None
	box_size: None
	n_print: 1
	tau: 0.5
	start_temperature: False
	target_temperature: None
	mass: 39.948
	hamiltonian: DefaultWithChi
	domain_decomposition: None
	integrator: velocity-verlet
	respa_inner: 1
	file_name: /cluster/projects/nn4654k/cascella_group/new_mgcm/two-bead-potential-change-sigma/h-0.08/options.toml
	name: None
	tags: []
	n_particles: None
	max_molecule_size: 1
	n_flush: 1
	thermostat_work: 0.0
	initial_energy: None
	cancel_com_momentum: True
	coulombtype: None
	convergence_type: None
	pol_mixing: None
	dielectric_const: None
	conv_crit: None
	dielectric_type: []
	self_energy: None
	type_charges: []
	rho0: 8.86
	a: None
	pressure: False
	barostat: None
	barostat_type: None
	tau_p: None
	n_b: None
	m: []
	filter: lj
	filter_param: [1.1508, 0.1028, -0.6886, 0.2152]
	command_line_full: /cluster/projects/nn4654k/cascella_group/new_mgcm/HyMD-dev/hymd/__main__.py ../options.toml d_0.92.hdf5 -p ../topol.toml
	target_pressure:
		P_L: None
		P_N: None
	bonds:
	angle_bonds:
	dihedrals:
	chi:
		H H: 1.0

2024-03-01 16:17:04,572 INFO     [input_parser.py:507] <check_n_particles> {rank 0/64} No n_particles found in toml file /cluster/projects/nn4654k/cascella_group/new_mgcm/two-bead-potential-change-sigma/h-0.08/options.toml, defaulting to indices.shape (2)
2024-03-01 16:17:04,572 WARNING  [input_parser.py:1051] <check_NPT_conditions> {rank 0/64} rho0 specified but no barostat,setting rho0 to average density
2024-03-01 16:17:04,582 WARNING  [input_parser.py:1152] <check_n_b> {rank 0/64} config.n_b not specified.Defaulting to 1
2024-03-01 16:17:06,190 INFO     [main.py:248] <main> {rank 0/64} pfft-python processor mesh: (8, 8)
2024-03-01 16:17:06,814 INFO     [file_io.py:790] <store_data> {rank 0/64} 
         step         time         temp        tot E        kin E        pot E      field E           Px           Py           Pz           ΔE
            0            0            0     -0.85127            0     -0.85127     -0.85127            0            0            0            0
2024-03-01 16:17:06,869 INFO     [file_io.py:790] <store_data> {rank 0/64} 
         step         time         temp        tot E        kin E        pot E      field E           Px           Py           Pz           ΔE
            1          0.2   4.4823e-05     -0.85202    1.118e-06     -0.85202     -0.85202            0  -3.5481e-14   -1.774e-14  -0.00074656
2024-03-01 16:17:06,992 INFO     [main.py:1445] <main> {rank 0/64} Elapsed time: 00:00:03.554439   Setup time: 00:00:03.376660   MD loop time: 00:00:00.177779
